e:\2106\c++\cktrader\src\gateway\ltsggateway\debug\vc140.pdb
e:\2106\c++\cktrader\src\gateway\ltsggateway\debug\vc140.idb
e:\2106\c++\cktrader\src\gateway\ltsggateway\debug\json11.obj
e:\2106\c++\cktrader\src\gateway\ltsggateway\debug\ltsgateway.obj
e:\2106\c++\cktrader\src\gateway\ltsggateway\debug\ltsgateway_iml.obj
e:\2106\c++\cktrader\src\gateway\ltsggateway\debug\ltsmd.obj
e:\2106\c++\cktrader\src\gateway\ltsggateway\debug\ltsqry.obj
e:\2106\c++\cktrader\src\gateway\ltsggateway\debug\ltstd.obj
e:\2106\c++\cktrader\debug\ltsgateway.ilk
e:\2106\c++\cktrader\debug\ltsgateway.dll
e:\2106\c++\cktrader\debug\ltsgateway.pdb
e:\2106\c++\cktrader\debug\ltsgateway.lib
e:\2106\c++\cktrader\debug\ltsgateway.exp
e:\2106\c++\cktrader\src\gateway\ltsggateway\debug\ltsgateway.tlog\cl.command.1.tlog
e:\2106\c++\cktrader\src\gateway\ltsggateway\debug\ltsgateway.tlog\cl.read.1.tlog
e:\2106\c++\cktrader\src\gateway\ltsggateway\debug\ltsgateway.tlog\cl.write.1.tlog
e:\2106\c++\cktrader\src\gateway\ltsggateway\debug\ltsgateway.tlog\link.command.1.tlog
e:\2106\c++\cktrader\src\gateway\ltsggateway\debug\ltsgateway.tlog\link.read.1.tlog
e:\2106\c++\cktrader\src\gateway\ltsggateway\debug\ltsgateway.tlog\link.write.1.tlog
e:\2106\c++\cktrader\src\gateway\ltsggateway\debug\ltsgateway.tlog\ltsgateway.write.1u.tlog
