e:\2106\c++\cktrader\src\gateway\ltsggateway\release\vc140.pdb
e:\2106\c++\cktrader\src\gateway\ltsggateway\release\ltstd.obj
e:\2106\c++\cktrader\src\gateway\ltsggateway\release\ltsqry.obj
e:\2106\c++\cktrader\src\gateway\ltsggateway\release\ltsmd.obj
e:\2106\c++\cktrader\src\gateway\ltsggateway\release\ltsgateway_iml.obj
e:\2106\c++\cktrader\src\gateway\ltsggateway\release\ltsgateway.obj
e:\2106\c++\cktrader\src\gateway\ltsggateway\release\json11.obj
e:\2106\c++\cktrader\release\ltsgateway.dll
e:\2106\c++\cktrader\release\ltsgateway.ipdb
e:\2106\c++\cktrader\release\ltsgateway.iobj
e:\2106\c++\cktrader\release\ltsgateway.pdb
e:\2106\c++\cktrader\release\ltsgateway.lib
e:\2106\c++\cktrader\release\ltsgateway.exp
e:\2106\c++\cktrader\src\gateway\ltsggateway\release\ltsgateway.tlog\cl.command.1.tlog
e:\2106\c++\cktrader\src\gateway\ltsggateway\release\ltsgateway.tlog\cl.read.1.tlog
e:\2106\c++\cktrader\src\gateway\ltsggateway\release\ltsgateway.tlog\cl.write.1.tlog
e:\2106\c++\cktrader\src\gateway\ltsggateway\release\ltsgateway.tlog\link.command.1.tlog
e:\2106\c++\cktrader\src\gateway\ltsggateway\release\ltsgateway.tlog\link.read.1.tlog
e:\2106\c++\cktrader\src\gateway\ltsggateway\release\ltsgateway.tlog\link.write.1.tlog
e:\2106\c++\cktrader\src\gateway\ltsggateway\release\ltsgateway.tlog\ltsgateway.write.1u.tlog
