e:\2106\c++\cktrader\src\gateway\ibgateway\debug\vc140.pdb
e:\2106\c++\cktrader\src\gateway\ibgateway\debug\vc140.idb
e:\2106\c++\cktrader\src\gateway\ibgateway\debug\emessage.obj
e:\2106\c++\cktrader\src\gateway\ibgateway\debug\emutex.obj
e:\2106\c++\cktrader\src\gateway\ibgateway\debug\ereader.obj
e:\2106\c++\cktrader\src\gateway\ibgateway\debug\ereaderossignal.obj
e:\2106\c++\cktrader\src\gateway\ibgateway\debug\ereaderwmsignal.obj
e:\2106\c++\cktrader\src\gateway\ibgateway\debug\esocket.obj
e:\2106\c++\cktrader\src\gateway\ibgateway\debug\executioncondition.obj
e:\2106\c++\cktrader\src\gateway\ibgateway\debug\margincondition.obj
e:\2106\c++\cktrader\src\gateway\ibgateway\debug\operatorcondition.obj
e:\2106\c++\cktrader\src\gateway\ibgateway\debug\ordercondition.obj
e:\2106\c++\cktrader\src\gateway\ibgateway\debug\percentchangecondition.obj
e:\2106\c++\cktrader\src\gateway\ibgateway\debug\pricecondition.obj
e:\2106\c++\cktrader\src\gateway\ibgateway\debug\softdollartier.obj
e:\2106\c++\cktrader\src\gateway\ibgateway\debug\stdafx.obj
e:\2106\c++\cktrader\src\gateway\ibgateway\debug\timecondition.obj
e:\2106\c++\cktrader\src\gateway\ibgateway\debug\volumecondition.obj
e:\2106\c++\cktrader\src\gateway\ibgateway\debug\ibapi.obj
e:\2106\c++\cktrader\src\gateway\ibgateway\debug\ibgateway.obj
e:\2106\c++\cktrader\src\gateway\ibgateway\debug\ibgateway_iml.obj
e:\2106\c++\cktrader\src\gateway\ibgateway\debug\ibwrapper.obj
e:\2106\c++\cktrader\src\gateway\ibgateway\debug\json11.obj
e:\2106\c++\cktrader\src\gateway\ibgateway\debug\contractcondition.obj
e:\2106\c++\cktrader\src\gateway\ibgateway\debug\defaultewrapper.obj
e:\2106\c++\cktrader\src\gateway\ibgateway\debug\eclient.obj
e:\2106\c++\cktrader\src\gateway\ibgateway\debug\eclientsocket.obj
e:\2106\c++\cktrader\src\gateway\ibgateway\debug\edecoder.obj
e:\2106\c++\cktrader\debug\ibgateway-d.lib
e:\2106\c++\cktrader\debug\ibgateway-d.exp
e:\2106\c++\cktrader\debug\ibgateway-d.ilk
e:\2106\c++\cktrader\debug\ibgateway-d.dll
e:\2106\c++\cktrader\debug\ibgateway-d.pdb
e:\2106\c++\cktrader\src\gateway\ibgateway\debug\ibgateway.tlog\cl.command.1.tlog
e:\2106\c++\cktrader\src\gateway\ibgateway\debug\ibgateway.tlog\cl.read.1.tlog
e:\2106\c++\cktrader\src\gateway\ibgateway\debug\ibgateway.tlog\cl.write.1.tlog
e:\2106\c++\cktrader\src\gateway\ibgateway\debug\ibgateway.tlog\ibgateway.write.1u.tlog
e:\2106\c++\cktrader\src\gateway\ibgateway\debug\ibgateway.tlog\link.command.1.tlog
e:\2106\c++\cktrader\src\gateway\ibgateway\debug\ibgateway.tlog\link.read.1.tlog
e:\2106\c++\cktrader\src\gateway\ibgateway\debug\ibgateway.tlog\link.write.1.tlog
