e:\2106\c++\cktrader\src\gateway\ibgateway\release\vc140.pdb
e:\2106\c++\cktrader\src\gateway\ibgateway\release\stdafx.obj
e:\2106\c++\cktrader\src\gateway\ibgateway\release\softdollartier.obj
e:\2106\c++\cktrader\src\gateway\ibgateway\release\pricecondition.obj
e:\2106\c++\cktrader\src\gateway\ibgateway\release\percentchangecondition.obj
e:\2106\c++\cktrader\src\gateway\ibgateway\release\ordercondition.obj
e:\2106\c++\cktrader\src\gateway\ibgateway\release\operatorcondition.obj
e:\2106\c++\cktrader\src\gateway\ibgateway\release\margincondition.obj
e:\2106\c++\cktrader\src\gateway\ibgateway\release\executioncondition.obj
e:\2106\c++\cktrader\src\gateway\ibgateway\release\esocket.obj
e:\2106\c++\cktrader\src\gateway\ibgateway\release\ereaderwmsignal.obj
e:\2106\c++\cktrader\src\gateway\ibgateway\release\ereaderossignal.obj
e:\2106\c++\cktrader\src\gateway\ibgateway\release\ereader.obj
e:\2106\c++\cktrader\src\gateway\ibgateway\release\emutex.obj
e:\2106\c++\cktrader\src\gateway\ibgateway\release\emessage.obj
e:\2106\c++\cktrader\src\gateway\ibgateway\release\edecoder.obj
e:\2106\c++\cktrader\src\gateway\ibgateway\release\eclientsocket.obj
e:\2106\c++\cktrader\src\gateway\ibgateway\release\eclient.obj
e:\2106\c++\cktrader\src\gateway\ibgateway\release\defaultewrapper.obj
e:\2106\c++\cktrader\src\gateway\ibgateway\release\contractcondition.obj
e:\2106\c++\cktrader\src\gateway\ibgateway\release\json11.obj
e:\2106\c++\cktrader\src\gateway\ibgateway\release\ibwrapper.obj
e:\2106\c++\cktrader\src\gateway\ibgateway\release\ibgateway_iml.obj
e:\2106\c++\cktrader\src\gateway\ibgateway\release\ibgateway.obj
e:\2106\c++\cktrader\src\gateway\ibgateway\release\ibapi.obj
e:\2106\c++\cktrader\src\gateway\ibgateway\release\volumecondition.obj
e:\2106\c++\cktrader\src\gateway\ibgateway\release\timecondition.obj
e:\2106\c++\cktrader\release\ibgateway.lib
e:\2106\c++\cktrader\release\ibgateway.exp
e:\2106\c++\cktrader\release\ibgateway.dll
e:\2106\c++\cktrader\release\ibgateway.ipdb
e:\2106\c++\cktrader\release\ibgateway.iobj
e:\2106\c++\cktrader\release\ibgateway.pdb
e:\2106\c++\cktrader\src\gateway\ibgateway\release\ibgateway.tlog\cl.command.1.tlog
e:\2106\c++\cktrader\src\gateway\ibgateway\release\ibgateway.tlog\cl.read.1.tlog
e:\2106\c++\cktrader\src\gateway\ibgateway\release\ibgateway.tlog\cl.write.1.tlog
e:\2106\c++\cktrader\src\gateway\ibgateway\release\ibgateway.tlog\ibgateway.write.1u.tlog
e:\2106\c++\cktrader\src\gateway\ibgateway\release\ibgateway.tlog\link.command.1.tlog
e:\2106\c++\cktrader\src\gateway\ibgateway\release\ibgateway.tlog\link.read.1.tlog
e:\2106\c++\cktrader\src\gateway\ibgateway\release\ibgateway.tlog\link.write.1.tlog
